c:\users\dima\source\repos\images\images\x64\debug\qrc_images.obj
c:\users\dima\source\repos\images\images\x64\debug\moc_images.obj
c:\users\dima\source\repos\images\images\x64\debug\vc143.pdb
c:\users\dima\source\repos\images\images\x64\debug\images.obj
c:\users\dima\source\repos\images\images\x64\debug\main.obj
c:\users\dima\source\repos\images\images\x64\debug\uic\ui_images.h
c:\users\dima\source\repos\images\images\x64\debug\rcc\qrc_images.cpp
c:\users\dima\source\repos\images\images\x64\debug\moc\moc_images.cpp
c:\users\dima\source\repos\images\x64\debug\images.exe
c:\users\dima\source\repos\images\x64\debug\images.ilk
c:\users\dima\source\repos\images\x64\debug\images.pdb
c:\users\dima\source\repos\images\images\x64\debug\images.tlog\cl.command.1.tlog
c:\users\dima\source\repos\images\images\x64\debug\images.tlog\cl.read.1.tlog
c:\users\dima\source\repos\images\images\x64\debug\images.tlog\cl.write.1.tlog
c:\users\dima\source\repos\images\images\x64\debug\images.tlog\images.write.1u.tlog
c:\users\dima\source\repos\images\images\x64\debug\images.tlog\link.command.1.tlog
c:\users\dima\source\repos\images\images\x64\debug\images.tlog\link.read.1.tlog
c:\users\dima\source\repos\images\images\x64\debug\images.tlog\link.write.1.tlog
c:\users\dima\source\repos\images\images\x64\debug\images.tlog\moc.read.1u.tlog
c:\users\dima\source\repos\images\images\x64\debug\images.tlog\moc.write.1u.tlog
c:\users\dima\source\repos\images\images\x64\debug\images.tlog\rcc.read.1u.tlog
c:\users\dima\source\repos\images\images\x64\debug\images.tlog\rcc.write.1u.tlog
c:\users\dima\source\repos\images\images\x64\debug\images.tlog\uic.read.1u.tlog
c:\users\dima\source\repos\images\images\x64\debug\images.tlog\uic.write.1u.tlog
